<?xml version="1.0" encoding="UTF-8"?>
<robot generator="Robot 6.0.2 (Python 3.11.2 on win32)" generated="20230310 13:48:44.155" rpa="false" schemaversion="3">
<suite id="s1" name="Test Rbot Lowpass Filter 1 &amp; Test Rebot Example 2 &amp; Test Robot Example 1 &amp; Test Robot Suite Example">
<suite id="s1-s1" name="Test Rbot Lowpass Filter 1" source="C:\Users\harrington\robot_project\demo-robotframework\test_rbot_lowpass_filter_1.robot">
<test id="s1-s1-t1" name="Test Case 1" line="14">
<kw name="Calculate">
<arg>30</arg>
<arg>0.5</arg>
<kw name="Evaluate" library="BuiltIn">
<var>${cutoff}</var>
<arg>${resistor} / ${capacitor}</arg>
<doc>Evaluates the given expression in Python and returns the result.</doc>
<msg timestamp="20230310 13:48:44.186" level="INFO">${cutoff} = 60.0</msg>
<status status="PASS" starttime="20230310 13:48:44.186" endtime="20230310 13:48:44.186"/>
</kw>
<kw name="Set Global Variable" library="BuiltIn">
<arg>${cutoff}</arg>
<doc>Makes a variable available globally in all tests and suites.</doc>
<msg timestamp="20230310 13:48:44.186" level="INFO">${cutoff} = 60.0</msg>
<status status="PASS" starttime="20230310 13:48:44.186" endtime="20230310 13:48:44.186"/>
</kw>
<kw name="Log" library="BuiltIn">
<arg>${cutoff}</arg>
<doc>Logs the given message with the given level.</doc>
<msg timestamp="20230310 13:48:44.186" level="INFO">60.0</msg>
<status status="PASS" starttime="20230310 13:48:44.186" endtime="20230310 13:48:44.186"/>
</kw>
<kw name="Log" library="BuiltIn">
<arg>The sum of ${resistor} and ${capacitor} is ${cutoff}.</arg>
<doc>Logs the given message with the given level.</doc>
<msg timestamp="20230310 13:48:44.186" level="INFO">The sum of 30 and 0.5 is 60.0.</msg>
<status status="PASS" starttime="20230310 13:48:44.186" endtime="20230310 13:48:44.186"/>
</kw>
<status status="PASS" starttime="20230310 13:48:44.186" endtime="20230310 13:48:44.186"/>
</kw>
<doc>Verify cutoff frequencies calculation</doc>
<tag>smoke</tag>
<status status="PASS" starttime="20230310 13:48:44.186" endtime="20230310 13:48:44.186"/>
</test>
<test id="s1-s1-t2" name="Test OutPut_Input_Gain" line="19">
<kw name="Set Variable" library="BuiltIn">
<var>${output}</var>
<arg>60</arg>
<doc>Returns the given values which can then be assigned to a variables.</doc>
<msg timestamp="20230310 13:48:44.186" level="INFO">${output} = 60</msg>
<status status="PASS" starttime="20230310 13:48:44.186" endtime="20230310 13:48:44.186"/>
</kw>
<kw name="Should Be True" library="BuiltIn">
<arg>${output} and ${cutoff}</arg>
<doc>Fails if the given condition is not true.</doc>
<status status="PASS" starttime="20230310 13:48:44.186" endtime="20230310 13:48:44.186"/>
</kw>
<kw name="Log" library="BuiltIn">
<arg>The input ${output} is less than ${cutoff}</arg>
<doc>Logs the given message with the given level.</doc>
<msg timestamp="20230310 13:48:44.186" level="INFO">The input 60 is less than 60.0</msg>
<status status="PASS" starttime="20230310 13:48:44.186" endtime="20230310 13:48:44.186"/>
</kw>
<status status="PASS" starttime="20230310 13:48:44.186" endtime="20230310 13:48:44.186"/>
</test>
<test id="s1-s1-t3" name="Test Resi_Cap_Values" line="25">
<kw name="Set Variable" library="BuiltIn">
<var>${resistor}</var>
<arg>40</arg>
<doc>Returns the given values which can then be assigned to a variables.</doc>
<msg timestamp="20230310 13:48:44.186" level="INFO">${resistor} = 40</msg>
<status status="PASS" starttime="20230310 13:48:44.186" endtime="20230310 13:48:44.186"/>
</kw>
<kw name="Set Global Variable" library="BuiltIn">
<arg>${resistor}</arg>
<doc>Makes a variable available globally in all tests and suites.</doc>
<msg timestamp="20230310 13:48:44.186" level="INFO">${resistor} = 40</msg>
<status status="PASS" starttime="20230310 13:48:44.186" endtime="20230310 13:48:44.186"/>
</kw>
<kw name="Set Variable" library="BuiltIn">
<var>${capacitor}</var>
<arg>70</arg>
<doc>Returns the given values which can then be assigned to a variables.</doc>
<msg timestamp="20230310 13:48:44.186" level="INFO">${capacitor} = 70</msg>
<status status="PASS" starttime="20230310 13:48:44.186" endtime="20230310 13:48:44.186"/>
</kw>
<kw name="Set Global Variable" library="BuiltIn">
<arg>${capacitor}</arg>
<doc>Makes a variable available globally in all tests and suites.</doc>
<msg timestamp="20230310 13:48:44.186" level="INFO">${capacitor} = 70</msg>
<status status="PASS" starttime="20230310 13:48:44.186" endtime="20230310 13:48:44.186"/>
</kw>
<doc>Cal new resis and cap gain changes</doc>
<status status="PASS" starttime="20230310 13:48:44.186" endtime="20230310 13:48:44.186"/>
</test>
<test id="s1-s1-t4" name="Test Circuit_Values" line="34">
<kw name="Set Variable" library="BuiltIn">
<var>${new_resistor}</var>
<arg>500</arg>
<doc>Returns the given values which can then be assigned to a variables.</doc>
<msg timestamp="20230310 13:48:44.186" level="INFO">${new_resistor} = 500</msg>
<status status="PASS" starttime="20230310 13:48:44.186" endtime="20230310 13:48:44.186"/>
</kw>
<kw name="Set Variable" library="BuiltIn">
<var>${new_capacitor}</var>
<arg>0.5</arg>
<doc>Returns the given values which can then be assigned to a variables.</doc>
<msg timestamp="20230310 13:48:44.186" level="INFO">${new_capacitor} = 0.5</msg>
<status status="PASS" starttime="20230310 13:48:44.186" endtime="20230310 13:48:44.186"/>
</kw>
<kw name="Set Variable" library="BuiltIn">
<var>${new_cutoff}</var>
<arg>60</arg>
<doc>Returns the given values which can then be assigned to a variables.</doc>
<msg timestamp="20230310 13:48:44.186" level="INFO">${new_cutoff} = 60</msg>
<status status="PASS" starttime="20230310 13:48:44.186" endtime="20230310 13:48:44.186"/>
</kw>
<kw name="Run Keyword If" library="BuiltIn">
<arg>${new_resistor}</arg>
<arg>&gt;</arg>
<arg>and ${resistogot another replies</arg>
<doc>Runs the given keyword with the given arguments, if ``condition`` is true.</doc>
<kw name="&gt;">
<arg>and ${resistogot another replies</arg>
<msg timestamp="20230310 13:48:44.186" level="FAIL">No keyword with name '&gt;' found.</msg>
<status status="FAIL" starttime="20230310 13:48:44.186" endtime="20230310 13:48:44.186"/>
</kw>
<status status="FAIL" starttime="20230310 13:48:44.186" endtime="20230310 13:48:44.186"/>
</kw>
<kw name="}">
<arg>Log new_resistor value greater than resistor value</arg>
<arg>Else If</arg>
<arg>${resistor} &lt; ${new_resistor}</arg>
<arg>Log resistor value less than new_resistor</arg>
<status status="NOT RUN" starttime="20230310 13:48:44.186" endtime="20230310 13:48:44.186"/>
</kw>
<status status="FAIL" starttime="20230310 13:48:44.186" endtime="20230310 13:48:44.186">No keyword with name '&gt;' found.</status>
</test>
<doc>Example test case for cutoff frequencies keywords</doc>
<status status="FAIL" starttime="20230310 13:48:44.186" endtime="20230310 13:48:44.202"/>
</suite>
<suite id="s1-s2" name="Test Rebot Example 2" source="C:\Users\harrington\robot_project\demo-robotframework\test_rebot_example_2.robot">
<test id="s1-s2-t1" name="Test Add" line="12">
<kw name="height and width keyword">
<msg timestamp="20230310 13:48:44.202" level="FAIL">No keyword with name 'height and width keyword' found.</msg>
<status status="FAIL" starttime="20230310 13:48:44.202" endtime="20230310 13:48:44.202"/>
</kw>
<kw name="Add">
<arg>height and width</arg>
<arg>3</arg>
<arg>4</arg>
<arg>5</arg>
<arg>10</arg>
<status status="NOT RUN" starttime="20230310 13:48:44.202" endtime="20230310 13:48:44.202"/>
</kw>
<kw name="Add">
<arg>height and width</arg>
<arg>2</arg>
<arg>2</arg>
<arg>15</arg>
<arg>20</arg>
<status status="NOT RUN" starttime="20230310 13:48:44.202" endtime="20230310 13:48:44.202"/>
</kw>
<kw name="Add">
<arg>height and width</arg>
<arg>0</arg>
<arg>0</arg>
<arg>0</arg>
<arg>0</arg>
<status status="NOT RUN" starttime="20230310 13:48:44.202" endtime="20230310 13:48:44.217"/>
</kw>
<doc>Verify that the Add height and width keyword works correctly.</doc>
<tag>smoke</tag>
<status status="FAIL" starttime="20230310 13:48:44.202" endtime="20230310 13:48:44.221">No keyword with name 'height and width keyword' found.</status>
</test>
<doc>Example test case for Add with height and width keyword.</doc>
<status status="FAIL" starttime="20230310 13:48:44.202" endtime="20230310 13:48:44.221"/>
</suite>
<suite id="s1-s3" name="Test Robot Example 1" source="C:\Users\harrington\robot_project\demo-robotframework\test_robot_example_1.robot">
<test id="s1-s3-t1" name="Test Add with height and width keyword" line="12">
<kw name="Add with height and width">
<arg>3</arg>
<arg>4</arg>
<arg>5</arg>
<arg>10</arg>
<kw name="Evaluate" library="BuiltIn">
<var>${sum}</var>
<arg>${num1} + ${num2}</arg>
<doc>Evaluates the given expression in Python and returns the result.</doc>
<msg timestamp="20230310 13:48:44.221" level="INFO">${sum} = 7</msg>
<status status="PASS" starttime="20230310 13:48:44.221" endtime="20230310 13:48:44.221"/>
</kw>
<kw name="Log" library="BuiltIn">
<arg>The sum of ${num1} and ${num2} is ${sum}, with height=${height} and width=${width}.</arg>
<doc>Logs the given message with the given level.</doc>
<msg timestamp="20230310 13:48:44.221" level="INFO">The sum of 3 and 4 is 7, with height=5 and width=10.</msg>
<status status="PASS" starttime="20230310 13:48:44.221" endtime="20230310 13:48:44.221"/>
</kw>
<status status="PASS" starttime="20230310 13:48:44.221" endtime="20230310 13:48:44.221"/>
</kw>
<kw name="Add with height and width">
<arg>2</arg>
<arg>2</arg>
<arg>15</arg>
<arg>20</arg>
<kw name="Evaluate" library="BuiltIn">
<var>${sum}</var>
<arg>${num1} + ${num2}</arg>
<doc>Evaluates the given expression in Python and returns the result.</doc>
<msg timestamp="20230310 13:48:44.221" level="INFO">${sum} = 4</msg>
<status status="PASS" starttime="20230310 13:48:44.221" endtime="20230310 13:48:44.221"/>
</kw>
<kw name="Log" library="BuiltIn">
<arg>The sum of ${num1} and ${num2} is ${sum}, with height=${height} and width=${width}.</arg>
<doc>Logs the given message with the given level.</doc>
<msg timestamp="20230310 13:48:44.221" level="INFO">The sum of 2 and 2 is 4, with height=15 and width=20.</msg>
<status status="PASS" starttime="20230310 13:48:44.221" endtime="20230310 13:48:44.221"/>
</kw>
<status status="PASS" starttime="20230310 13:48:44.221" endtime="20230310 13:48:44.221"/>
</kw>
<kw name="Add with height and width">
<arg>0</arg>
<arg>0</arg>
<arg>0</arg>
<arg>0</arg>
<kw name="Evaluate" library="BuiltIn">
<var>${sum}</var>
<arg>${num1} + ${num2}</arg>
<doc>Evaluates the given expression in Python and returns the result.</doc>
<msg timestamp="20230310 13:48:44.221" level="INFO">${sum} = 0</msg>
<status status="PASS" starttime="20230310 13:48:44.221" endtime="20230310 13:48:44.221"/>
</kw>
<kw name="Log" library="BuiltIn">
<arg>The sum of ${num1} and ${num2} is ${sum}, with height=${height} and width=${width}.</arg>
<doc>Logs the given message with the given level.</doc>
<msg timestamp="20230310 13:48:44.221" level="INFO">The sum of 0 and 0 is 0, with height=0 and width=0.</msg>
<status status="PASS" starttime="20230310 13:48:44.221" endtime="20230310 13:48:44.221"/>
</kw>
<status status="PASS" starttime="20230310 13:48:44.221" endtime="20230310 13:48:44.221"/>
</kw>
<doc>Verify that the Add with height and width keyword works correctly.</doc>
<tag>smoke</tag>
<status status="PASS" starttime="20230310 13:48:44.221" endtime="20230310 13:48:44.221"/>
</test>
<doc>Example test case for Add with height and width keyword.</doc>
<status status="PASS" starttime="20230310 13:48:44.221" endtime="20230310 13:48:44.221"/>
</suite>
<suite id="s1-s4" name="Test Robot Suite Example" source="C:\Users\harrington\robot_project\demo-robotframework\test_robot_suite_example.robot">
<test id="s1-s4-t1" name="Calculate cutoff frequency" line="8">
<kw name="Given Resistor Value Is">
<arg>1</arg>
<kw name="Set Test Variable" library="BuiltIn">
<arg>${R}</arg>
<arg>${resistor_value}</arg>
<doc>Makes a variable available everywhere within the scope of the current test.</doc>
<msg timestamp="20230310 13:48:44.255" level="INFO">${R} = 1</msg>
<status status="PASS" starttime="20230310 13:48:44.255" endtime="20230310 13:48:44.255"/>
</kw>
<status status="PASS" starttime="20230310 13:48:44.255" endtime="20230310 13:48:44.255"/>
</kw>
<kw name="And Capacitor Value Is">
<arg>0.005</arg>
<kw name="Set Test Variable" library="BuiltIn">
<arg>${C}</arg>
<arg>${capacitor_value}</arg>
<doc>Makes a variable available everywhere within the scope of the current test.</doc>
<msg timestamp="20230310 13:48:44.255" level="INFO">${C} = 0.005</msg>
<status status="PASS" starttime="20230310 13:48:44.255" endtime="20230310 13:48:44.255"/>
</kw>
<status status="PASS" starttime="20230310 13:48:44.255" endtime="20230310 13:48:44.255"/>
</kw>
<kw name="When calculating cutoff frequency">
<arg>25</arg>
<arg>100</arg>
<arg>3.14</arg>
<kw name="Evaluate" library="BuiltIn">
<var>${cutoff_frequency}</var>
<arg>1.0 / (${const}*${C}-${R}* 2.0 )</arg>
<doc>Evaluates the given expression in Python and returns the result.</doc>
<msg timestamp="20230310 13:48:44.255" level="INFO">${cutoff_frequency} = 0.003787878787878788</msg>
<status status="PASS" starttime="20230310 13:48:44.255" endtime="20230310 13:48:44.255"/>
</kw>
<kw name="Log" library="BuiltIn">
<arg>${cutoff_frequency}</arg>
<doc>Logs the given message with the given level.</doc>
<msg timestamp="20230310 13:48:44.255" level="INFO">0.003787878787878788</msg>
<status status="PASS" starttime="20230310 13:48:44.255" endtime="20230310 13:48:44.255"/>
</kw>
<status status="PASS" starttime="20230310 13:48:44.255" endtime="20230310 13:48:44.255"/>
</kw>
<kw name="Cutoff Frequency">
<arg>500</arg>
<kw name="Should Be True" library="BuiltIn">
<arg>${expected_cutoff_frequency}-1-${C} &lt; ${expected_cutoff_frequency}+1</arg>
<doc>Fails if the given condition is not true.</doc>
<status status="PASS" starttime="20230310 13:48:44.255" endtime="20230310 13:48:44.255"/>
</kw>
<kw name="Should Be True" library="BuiltIn">
<var>${cutoff_frequency}</var>
<arg>${expected_cutoff_frequency}</arg>
<doc>Fails if the given condition is not true.</doc>
<msg timestamp="20230310 13:48:44.255" level="INFO">${cutoff_frequency} = None</msg>
<status status="PASS" starttime="20230310 13:48:44.255" endtime="20230310 13:48:44.255"/>
</kw>
<status status="PASS" starttime="20230310 13:48:44.255" endtime="20230310 13:48:44.255"/>
</kw>
<doc>Verify that the cutoff frequency of the low pass filter is calculated correctly.</doc>
<tag>low_pass_filter</tag>
<status status="PASS" starttime="20230310 13:48:44.252" endtime="20230310 13:48:44.255"/>
</test>
<status status="PASS" starttime="20230310 13:48:44.237" endtime="20230310 13:48:44.255"/>
</suite>
<status status="FAIL" starttime="20230310 13:48:44.155" endtime="20230310 13:48:44.255"/>
</suite>
<statistics>
<total>
<stat pass="5" fail="2" skip="0">All Tests</stat>
</total>
<tag>
<stat pass="1" fail="0" skip="0">low_pass_filter</stat>
<stat pass="2" fail="1" skip="0">smoke</stat>
</tag>
<suite>
<stat pass="5" fail="2" skip="0" id="s1" name="Test Rbot Lowpass Filter 1 &amp; Test Rebot Example 2 &amp; Test Robot Example 1 &amp; Test Robot Suite Example">Test Rbot Lowpass Filter 1 &amp; Test Rebot Example 2 &amp; Test Robot Example 1 &amp; Test Robot Suite Example</stat>
<stat pass="3" fail="1" skip="0" id="s1-s1" name="Test Rbot Lowpass Filter 1">Test Rbot Lowpass Filter 1 &amp; Test Rebot Example 2 &amp; Test Robot Example 1 &amp; Test Robot Suite Example.Test Rbot Lowpass Filter 1</stat>
<stat pass="0" fail="1" skip="0" id="s1-s2" name="Test Rebot Example 2">Test Rbot Lowpass Filter 1 &amp; Test Rebot Example 2 &amp; Test Robot Example 1 &amp; Test Robot Suite Example.Test Rebot Example 2</stat>
<stat pass="1" fail="0" skip="0" id="s1-s3" name="Test Robot Example 1">Test Rbot Lowpass Filter 1 &amp; Test Rebot Example 2 &amp; Test Robot Example 1 &amp; Test Robot Suite Example.Test Robot Example 1</stat>
<stat pass="1" fail="0" skip="0" id="s1-s4" name="Test Robot Suite Example">Test Rbot Lowpass Filter 1 &amp; Test Rebot Example 2 &amp; Test Robot Example 1 &amp; Test Robot Suite Example.Test Robot Suite Example</stat>
</suite>
</statistics>
<errors>
</errors>
</robot>
