<?xml version="1.0" encoding="UTF-8"?>
<robot generator="Robot 6.0.2 (Python 3.10.6 on linux)" generated="20230308 09:58:06.281" rpa="false" schemaversion="3">
<suite id="s1" name="Test Robot Suite Example" source="/home/harrington/designProject2020/robot-framework/test_robot_exam_1/test_robot_suite_example.robot">
<test id="s1-t1" name="Calculate cutoff frequency" line="8">
<kw name="Given Resistor Value Is">
<arg>1</arg>
<kw name="Set Test Variable" library="BuiltIn">
<arg>${R}</arg>
<arg>${resistor_value}</arg>
<doc>Makes a variable available everywhere within the scope of the current test.</doc>
<msg timestamp="20230308 09:58:06.375" level="INFO">${R} = 1</msg>
<status status="PASS" starttime="20230308 09:58:06.373" endtime="20230308 09:58:06.375"/>
</kw>
<status status="PASS" starttime="20230308 09:58:06.372" endtime="20230308 09:58:06.375"/>
</kw>
<kw name="And Capacitor Value Is">
<arg>1500</arg>
<kw name="Set Test Variable" library="BuiltIn">
<arg>${C}</arg>
<arg>${capacitor_value}</arg>
<doc>Makes a variable available everywhere within the scope of the current test.</doc>
<msg timestamp="20230308 09:58:06.378" level="INFO">${C} = 1500</msg>
<status status="PASS" starttime="20230308 09:58:06.376" endtime="20230308 09:58:06.379"/>
</kw>
<status status="PASS" starttime="20230308 09:58:06.375" endtime="20230308 09:58:06.379"/>
</kw>
<kw name="When calculating cutoff frequency">
<arg>25</arg>
<arg>100</arg>
<arg>3.14</arg>
<kw name="Evaluate" library="BuiltIn">
<var>${cutoff_frequency}</var>
<arg>1.0 / ${const}*${C}-${R}* 2.0</arg>
<doc>Evaluates the given expression in Python and returns the result.</doc>
<msg timestamp="20230308 09:58:06.381" level="INFO">${cutoff_frequency} = -18.15286624203822</msg>
<status status="PASS" starttime="20230308 09:58:06.380" endtime="20230308 09:58:06.381"/>
</kw>
<status status="PASS" starttime="20230308 09:58:06.379" endtime="20230308 09:58:06.382"/>
</kw>
<kw name="Cutoff Frequency Should Be Approximately">
<arg>300</arg>
<kw name="Should Be True" library="BuiltIn">
<arg>${expected_cutoff_frequency}-1-${C} &lt; ${expected_cutoff_frequency}+1</arg>
<doc>Fails if the given condition is not true.</doc>
<status status="PASS" starttime="20230308 09:58:06.383" endtime="20230308 09:58:06.385"/>
</kw>
<kw name="Should Be True" library="BuiltIn">
<var>${cutoff_frequency}</var>
<arg>${expected_cutoff_frequency}</arg>
<doc>Fails if the given condition is not true.</doc>
<msg timestamp="20230308 09:58:06.391" level="INFO">${cutoff_frequency} = None</msg>
<status status="PASS" starttime="20230308 09:58:06.386" endtime="20230308 09:58:06.392"/>
</kw>
<status status="PASS" starttime="20230308 09:58:06.382" endtime="20230308 09:58:06.392"/>
</kw>
<doc>Verify that the cutoff frequency of the low pass filter is calculated correctly.</doc>
<tag>low_pass_filter</tag>
<status status="PASS" starttime="20230308 09:58:06.369" endtime="20230308 09:58:06.393"/>
</test>
<status status="PASS" starttime="20230308 09:58:06.284" endtime="20230308 09:58:06.396"/>
</suite>
<statistics>
<total>
<stat pass="1" fail="0" skip="0">All Tests</stat>
</total>
<tag>
<stat pass="1" fail="0" skip="0">low_pass_filter</stat>
</tag>
<suite>
<stat pass="1" fail="0" skip="0" id="s1" name="Test Robot Suite Example">Test Robot Suite Example</stat>
</suite>
</statistics>
<errors>
</errors>
</robot>
