<?xml version="1.0" encoding="UTF-8"?>
<robot generator="Robot 6.0.2 (Python 3.10.6 on linux)" generated="20230309 11:06:33.149" rpa="false" schemaversion="3">
<suite id="s1" name="Test Robot Suite Example" source="/home/harrington/designProject2020/robot-framework/test_robot_exam_1/test_robot_suite_example.robot">
<test id="s1-t1" name="Calculate cutoff frequency" line="8">
<kw name="Given Resistor Value Is">
<arg>1</arg>
<kw name="Set Test Variable" library="BuiltIn">
<arg>${R}</arg>
<arg>${resistor_value}</arg>
<doc>Makes a variable available everywhere within the scope of the current test.</doc>
<msg timestamp="20230309 11:06:33.232" level="INFO">${R} = 1</msg>
<status status="PASS" starttime="20230309 11:06:33.229" endtime="20230309 11:06:33.232"/>
</kw>
<status status="PASS" starttime="20230309 11:06:33.228" endtime="20230309 11:06:33.232"/>
</kw>
<kw name="And Capacitor Value Is">
<arg>0.005</arg>
<kw name="Set Test Variable" library="BuiltIn">
<arg>${C}</arg>
<arg>${capacitor_value}</arg>
<doc>Makes a variable available everywhere within the scope of the current test.</doc>
<msg timestamp="20230309 11:06:33.236" level="INFO">${C} = 0.005</msg>
<status status="PASS" starttime="20230309 11:06:33.234" endtime="20230309 11:06:33.236"/>
</kw>
<status status="PASS" starttime="20230309 11:06:33.233" endtime="20230309 11:06:33.236"/>
</kw>
<kw name="When calculating cutoff frequency">
<arg>25</arg>
<arg>100</arg>
<arg>3.14</arg>
<kw name="Evaluate" library="BuiltIn">
<var>${cutoff_frequency}</var>
<arg>1.0 / (${const}*${C}-${R}* 2.0 )</arg>
<doc>Evaluates the given expression in Python and returns the result.</doc>
<msg timestamp="20230309 11:06:33.239" level="INFO">${cutoff_frequency} = 0.003787878787878788</msg>
<status status="PASS" starttime="20230309 11:06:33.238" endtime="20230309 11:06:33.239"/>
</kw>
<kw name="Log" library="BuiltIn">
<arg>${cutoff_frequency}</arg>
<doc>Logs the given message with the given level.</doc>
<msg timestamp="20230309 11:06:33.240" level="INFO">0.003787878787878788</msg>
<status status="PASS" starttime="20230309 11:06:33.240" endtime="20230309 11:06:33.240"/>
</kw>
<status status="PASS" starttime="20230309 11:06:33.237" endtime="20230309 11:06:33.241"/>
</kw>
<kw name="Cutoff Frequency">
<arg>500</arg>
<kw name="Should Be True" library="BuiltIn">
<arg>${expected_cutoff_frequency}-1-${C} &lt; ${expected_cutoff_frequency}+1</arg>
<doc>Fails if the given condition is not true.</doc>
<status status="PASS" starttime="20230309 11:06:33.244" endtime="20230309 11:06:33.245"/>
</kw>
<kw name="Should Be True" library="BuiltIn">
<var>${cutoff_frequency}</var>
<arg>${expected_cutoff_frequency}</arg>
<doc>Fails if the given condition is not true.</doc>
<msg timestamp="20230309 11:06:33.246" level="INFO">${cutoff_frequency} = None</msg>
<status status="PASS" starttime="20230309 11:06:33.246" endtime="20230309 11:06:33.246"/>
</kw>
<status status="PASS" starttime="20230309 11:06:33.243" endtime="20230309 11:06:33.247"/>
</kw>
<doc>Verify that the cutoff frequency of the low pass filter is calculated correctly.</doc>
<tag>low_pass_filter</tag>
<status status="PASS" starttime="20230309 11:06:33.226" endtime="20230309 11:06:33.250"/>
</test>
<status status="PASS" starttime="20230309 11:06:33.151" endtime="20230309 11:06:33.252"/>
</suite>
<statistics>
<total>
<stat pass="1" fail="0" skip="0">All Tests</stat>
</total>
<tag>
<stat pass="1" fail="0" skip="0">low_pass_filter</stat>
</tag>
<suite>
<stat pass="1" fail="0" skip="0" id="s1" name="Test Robot Suite Example">Test Robot Suite Example</stat>
</suite>
</statistics>
<errors>
</errors>
</robot>
