<?xml version="1.0" encoding="UTF-8"?>
<robot generator="Robot 6.0.2 (Python 3.11.2 on win32)" generated="20230307 17:42:10.807" rpa="false" schemaversion="3">
<suite id="s1" name="Test Robot Suite Example" source="C:\Users\harrington\project2020\demo-robotframework\test_robot_suite_example.robot">
<test id="s1-t1" name="Calculate cutoff frequency" line="7">
<kw name="Given Resistor Value Is">
<arg>100</arg>
<kw name="Set Test Variable" library="BuiltIn">
<arg>${R}</arg>
<arg>${resistor_value}</arg>
<doc>Makes a variable available everywhere within the scope of the current test.</doc>
<msg timestamp="20230307 17:42:10.887" level="INFO">${R} = 100</msg>
<status status="PASS" starttime="20230307 17:42:10.887" endtime="20230307 17:42:10.887"/>
</kw>
<status status="PASS" starttime="20230307 17:42:10.887" endtime="20230307 17:42:10.887"/>
</kw>
<kw name="And Capacitor Value Is">
<arg>1uF</arg>
<kw name="Set Test Variable" library="BuiltIn">
<arg>${C}</arg>
<arg>${capacitor_value}</arg>
<doc>Makes a variable available everywhere within the scope of the current test.</doc>
<msg timestamp="20230307 17:42:10.887" level="INFO">${C} = 1uF</msg>
<status status="PASS" starttime="20230307 17:42:10.887" endtime="20230307 17:42:10.887"/>
</kw>
<status status="PASS" starttime="20230307 17:42:10.887" endtime="20230307 17:42:10.887"/>
</kw>
<kw name="When calculating cutoff frequency">
<kw name="Divide">
<var>${cutoff_frequency}</var>
<arg>1.0</arg>
<arg>Multiply</arg>
<arg>2.0</arg>
<arg>Multiply</arg>
<arg>pi</arg>
<arg>${R}</arg>
<arg>${C}</arg>
<msg timestamp="20230307 17:42:10.887" level="FAIL">No keyword with name 'Divide' found.</msg>
<status status="FAIL" starttime="20230307 17:42:10.887" endtime="20230307 17:42:10.887"/>
</kw>
<kw name="Set Test Variable" library="BuiltIn">
<arg>${Fc}</arg>
<arg>${cutoff_frequency}</arg>
<doc>Makes a variable available everywhere within the scope of the current test.</doc>
<status status="NOT RUN" starttime="20230307 17:42:10.887" endtime="20230307 17:42:10.887"/>
</kw>
<status status="FAIL" starttime="20230307 17:42:10.887" endtime="20230307 17:42:10.887"/>
</kw>
<kw name="Then cutoff frequency Divide should be approximately 1591.55 Hz">
<status status="NOT RUN" starttime="20230307 17:42:10.887" endtime="20230307 17:42:10.887"/>
</kw>
<doc>Verify that the cutoff frequency of the low pass filter is calculated correctly.</doc>
<tag>low_pass_filter</tag>
<status status="FAIL" starttime="20230307 17:42:10.885" endtime="20230307 17:42:10.903">No keyword with name 'Divide' found.</status>
</test>
<status status="FAIL" starttime="20230307 17:42:10.807" endtime="20230307 17:42:10.951"/>
</suite>
<statistics>
<total>
<stat pass="0" fail="1" skip="0">All Tests</stat>
</total>
<tag>
<stat pass="0" fail="1" skip="0">low_pass_filter</stat>
</tag>
<suite>
<stat pass="0" fail="1" skip="0" id="s1" name="Test Robot Suite Example">Test Robot Suite Example</stat>
</suite>
</statistics>
<errors>
</errors>
</robot>
