<?xml version="1.0" encoding="UTF-8"?>
<robot generator="Robot 6.0.2 (Python 3.10.6 on linux)" generated="20230307 22:06:34.575" rpa="false" schemaversion="3">
<suite id="s1" name="Test Robot Suite Example" source="/home/harrington/designProject2020/robot-framework/test_robot_exam_1/test_robot_suite_example.robot">
<test id="s1-t1" name="Calculate cutoff frequency" line="8">
<kw name="Given Resistor Value Is">
<arg>1</arg>
<kw name="Set Test Variable" library="BuiltIn">
<arg>${R}</arg>
<arg>${resistor_value}</arg>
<doc>Makes a variable available everywhere within the scope of the current test.</doc>
<msg timestamp="20230307 22:06:34.912" level="INFO">${R} = 1</msg>
<status status="PASS" starttime="20230307 22:06:34.906" endtime="20230307 22:06:34.912"/>
</kw>
<status status="PASS" starttime="20230307 22:06:34.899" endtime="20230307 22:06:34.913"/>
</kw>
<kw name="And Capacitor Value Is">
<arg>1500</arg>
<kw name="Set Test Variable" library="BuiltIn">
<arg>${C}</arg>
<arg>${capacitor_value}</arg>
<doc>Makes a variable available everywhere within the scope of the current test.</doc>
<msg timestamp="20230307 22:06:34.927" level="INFO">${C} = 1500</msg>
<status status="PASS" starttime="20230307 22:06:34.922" endtime="20230307 22:06:34.927"/>
</kw>
<status status="PASS" starttime="20230307 22:06:34.919" endtime="20230307 22:06:34.928"/>
</kw>
<kw name="When calculating cutoff frequency">
<arg>25</arg>
<arg>100</arg>
<arg>2</arg>
<kw name="Evaluate" library="BuiltIn">
<var>${cutoff_frequency}</var>
<arg>${const}&gt;${C}-${R}</arg>
<doc>Evaluates the given expression in Python and returns the result.</doc>
<msg timestamp="20230307 22:06:34.937" level="INFO">${cutoff_frequency} = False</msg>
<status status="PASS" starttime="20230307 22:06:34.935" endtime="20230307 22:06:34.938"/>
</kw>
<status status="PASS" starttime="20230307 22:06:34.933" endtime="20230307 22:06:34.944"/>
</kw>
<kw name="Cutoff Frequency Should Be Approximately">
<arg>300</arg>
<kw name="Should Be True" library="BuiltIn">
<arg>${expected_cutoff_frequency}-1-${C} &lt; ${expected_cutoff_frequency}+1</arg>
<doc>Fails if the given condition is not true.</doc>
<status status="PASS" starttime="20230307 22:06:34.947" endtime="20230307 22:06:34.950"/>
</kw>
<kw name="Should Be True" library="BuiltIn">
<var>${cutoff_frequency}</var>
<arg>${expected_cutoff_frequency}</arg>
<doc>Fails if the given condition is not true.</doc>
<msg timestamp="20230307 22:06:34.956" level="INFO">${cutoff_frequency} = None</msg>
<status status="PASS" starttime="20230307 22:06:34.955" endtime="20230307 22:06:34.957"/>
</kw>
<status status="PASS" starttime="20230307 22:06:34.945" endtime="20230307 22:06:34.957"/>
</kw>
<doc>Verify that the cutoff frequency of the low pass filter is calculated correctly.</doc>
<tag>low_pass_filter</tag>
<status status="PASS" starttime="20230307 22:06:34.896" endtime="20230307 22:06:34.959"/>
</test>
<status status="PASS" starttime="20230307 22:06:34.585" endtime="20230307 22:06:34.961"/>
</suite>
<statistics>
<total>
<stat pass="1" fail="0" skip="0">All Tests</stat>
</total>
<tag>
<stat pass="1" fail="0" skip="0">low_pass_filter</stat>
</tag>
<suite>
<stat pass="1" fail="0" skip="0" id="s1" name="Test Robot Suite Example">Test Robot Suite Example</stat>
</suite>
</statistics>
<errors>
</errors>
</robot>
