<?xml version="1.0" encoding="UTF-8"?>
<robot generator="Robot 6.0.2 (Python 3.10.6 on linux)" generated="20230310 15:19:33.307" rpa="false" schemaversion="3">
<suite id="s1" name="Test Rbot Lowpass Filter 1 &amp; Test Rebot Example 2 &amp; Test Robot Example 1 &amp; Test Robot Suite Example">
<suite id="s1-s1" name="Test Rbot Lowpass Filter 1" source="/home/harrington/designProject2020/robot-framework/test_robot_exam_1/test_rbot_lowpass_filter_1.robot">
<test id="s1-s1-t1" name="Test Case 1" line="14">
<kw name="Calculate">
<arg>30</arg>
<arg>0.5</arg>
<kw name="Evaluate" library="BuiltIn">
<var>${cutoff}</var>
<arg>${resistor} / ${capacitor}</arg>
<doc>Evaluates the given expression in Python and returns the result.</doc>
<msg timestamp="20230310 15:19:33.384" level="INFO">${cutoff} = 60.0</msg>
<status status="PASS" starttime="20230310 15:19:33.383" endtime="20230310 15:19:33.384"/>
</kw>
<kw name="Set Global Variable" library="BuiltIn">
<arg>${cutoff}</arg>
<doc>Makes a variable available globally in all tests and suites.</doc>
<msg timestamp="20230310 15:19:33.385" level="INFO">${cutoff} = 60.0</msg>
<status status="PASS" starttime="20230310 15:19:33.385" endtime="20230310 15:19:33.385"/>
</kw>
<kw name="Log" library="BuiltIn">
<arg>${cutoff}</arg>
<doc>Logs the given message with the given level.</doc>
<msg timestamp="20230310 15:19:33.386" level="INFO">60.0</msg>
<status status="PASS" starttime="20230310 15:19:33.386" endtime="20230310 15:19:33.386"/>
</kw>
<kw name="Log" library="BuiltIn">
<arg>The sum of ${resistor} and ${capacitor} is ${cutoff}.</arg>
<doc>Logs the given message with the given level.</doc>
<msg timestamp="20230310 15:19:33.394" level="INFO">The sum of 30 and 0.5 is 60.0.</msg>
<status status="PASS" starttime="20230310 15:19:33.393" endtime="20230310 15:19:33.394"/>
</kw>
<status status="PASS" starttime="20230310 15:19:33.382" endtime="20230310 15:19:33.395"/>
</kw>
<doc>Verify cutoff frequencies calculation</doc>
<tag>smoke</tag>
<status status="PASS" starttime="20230310 15:19:33.380" endtime="20230310 15:19:33.395"/>
</test>
<test id="s1-s1-t2" name="Test OutPut_Input_Gain" line="19">
<kw name="Set Variable" library="BuiltIn">
<var>${output}</var>
<arg>60</arg>
<doc>Returns the given values which can then be assigned to a variables.</doc>
<msg timestamp="20230310 15:19:33.398" level="INFO">${output} = 60</msg>
<status status="PASS" starttime="20230310 15:19:33.397" endtime="20230310 15:19:33.398"/>
</kw>
<kw name="Should Be True" library="BuiltIn">
<arg>${output} and ${cutoff}</arg>
<doc>Fails if the given condition is not true.</doc>
<status status="PASS" starttime="20230310 15:19:33.399" endtime="20230310 15:19:33.400"/>
</kw>
<kw name="Log" library="BuiltIn">
<arg>The input ${output} is less than ${cutoff}</arg>
<doc>Logs the given message with the given level.</doc>
<msg timestamp="20230310 15:19:33.401" level="INFO">The input 60 is less than 60.0</msg>
<status status="PASS" starttime="20230310 15:19:33.400" endtime="20230310 15:19:33.401"/>
</kw>
<status status="PASS" starttime="20230310 15:19:33.396" endtime="20230310 15:19:33.402"/>
</test>
<test id="s1-s1-t3" name="Test Resi_Cap_Values" line="25">
<kw name="Set Variable" library="BuiltIn">
<var>${resistor}</var>
<arg>40</arg>
<doc>Returns the given values which can then be assigned to a variables.</doc>
<msg timestamp="20230310 15:19:33.405" level="INFO">${resistor} = 40</msg>
<status status="PASS" starttime="20230310 15:19:33.404" endtime="20230310 15:19:33.405"/>
</kw>
<kw name="Set Global Variable" library="BuiltIn">
<arg>${resistor}</arg>
<doc>Makes a variable available globally in all tests and suites.</doc>
<msg timestamp="20230310 15:19:33.407" level="INFO">${resistor} = 40</msg>
<status status="PASS" starttime="20230310 15:19:33.406" endtime="20230310 15:19:33.407"/>
</kw>
<kw name="Set Variable" library="BuiltIn">
<var>${capacitor}</var>
<arg>70</arg>
<doc>Returns the given values which can then be assigned to a variables.</doc>
<msg timestamp="20230310 15:19:33.409" level="INFO">${capacitor} = 70</msg>
<status status="PASS" starttime="20230310 15:19:33.408" endtime="20230310 15:19:33.409"/>
</kw>
<kw name="Set Global Variable" library="BuiltIn">
<arg>${capacitor}</arg>
<doc>Makes a variable available globally in all tests and suites.</doc>
<msg timestamp="20230310 15:19:33.411" level="INFO">${capacitor} = 70</msg>
<status status="PASS" starttime="20230310 15:19:33.410" endtime="20230310 15:19:33.411"/>
</kw>
<doc>Cal new resis and cap gain changes</doc>
<status status="PASS" starttime="20230310 15:19:33.403" endtime="20230310 15:19:33.411"/>
</test>
<test id="s1-s1-t4" name="Test Circuit_Values" line="34">
<kw name="Set Variable" library="BuiltIn">
<var>${new_resistor}</var>
<arg>500</arg>
<doc>Returns the given values which can then be assigned to a variables.</doc>
<msg timestamp="20230310 15:19:33.413" level="INFO">${new_resistor} = 500</msg>
<status status="PASS" starttime="20230310 15:19:33.413" endtime="20230310 15:19:33.414"/>
</kw>
<kw name="Set Variable" library="BuiltIn">
<var>${new_capacitor}</var>
<arg>0.5</arg>
<doc>Returns the given values which can then be assigned to a variables.</doc>
<msg timestamp="20230310 15:19:33.415" level="INFO">${new_capacitor} = 0.5</msg>
<status status="PASS" starttime="20230310 15:19:33.414" endtime="20230310 15:19:33.415"/>
</kw>
<kw name="Set Variable" library="BuiltIn">
<var>${new_cutoff}</var>
<arg>60</arg>
<doc>Returns the given values which can then be assigned to a variables.</doc>
<msg timestamp="20230310 15:19:33.417" level="INFO">${new_cutoff} = 60</msg>
<status status="PASS" starttime="20230310 15:19:33.415" endtime="20230310 15:19:33.417"/>
</kw>
<kw name="Run Keyword If" library="BuiltIn">
<arg>${new_resistor}</arg>
<arg>&gt;</arg>
<arg>and ${resistogot another replies</arg>
<doc>Runs the given keyword with the given arguments, if ``condition`` is true.</doc>
<kw name="&gt;">
<arg>and ${resistogot another replies</arg>
<msg timestamp="20230310 15:19:33.424" level="FAIL">No keyword with name '&gt;' found.</msg>
<status status="FAIL" starttime="20230310 15:19:33.423" endtime="20230310 15:19:33.424"/>
</kw>
<status status="FAIL" starttime="20230310 15:19:33.418" endtime="20230310 15:19:33.424"/>
</kw>
<kw name="}">
<arg>Log new_resistor value greater than resistor value</arg>
<arg>Else If</arg>
<arg>${resistor} &lt; ${new_resistor}</arg>
<arg>Log resistor value less than new_resistor</arg>
<status status="NOT RUN" starttime="20230310 15:19:33.428" endtime="20230310 15:19:33.428"/>
</kw>
<status status="FAIL" starttime="20230310 15:19:33.412" endtime="20230310 15:19:33.429">No keyword with name '&gt;' found.</status>
</test>
<doc>Example test case for cutoff frequencies keywords</doc>
<status status="FAIL" starttime="20230310 15:19:33.375" endtime="20230310 15:19:33.431"/>
</suite>
<suite id="s1-s2" name="Test Rebot Example 2" source="/home/harrington/designProject2020/robot-framework/test_robot_exam_1/test_rebot_example_2.robot">
<test id="s1-s2-t1" name="Test Add" line="12">
<kw name="height and width keyword">
<msg timestamp="20230310 15:19:33.446" level="FAIL">No keyword with name 'height and width keyword' found.</msg>
<status status="FAIL" starttime="20230310 15:19:33.445" endtime="20230310 15:19:33.446"/>
</kw>
<kw name="Add">
<arg>height and width</arg>
<arg>3</arg>
<arg>4</arg>
<arg>5</arg>
<arg>10</arg>
<status status="NOT RUN" starttime="20230310 15:19:33.446" endtime="20230310 15:19:33.447"/>
</kw>
<kw name="Add">
<arg>height and width</arg>
<arg>2</arg>
<arg>2</arg>
<arg>15</arg>
<arg>20</arg>
<status status="NOT RUN" starttime="20230310 15:19:33.447" endtime="20230310 15:19:33.447"/>
</kw>
<kw name="Add">
<arg>height and width</arg>
<arg>0</arg>
<arg>0</arg>
<arg>0</arg>
<arg>0</arg>
<status status="NOT RUN" starttime="20230310 15:19:33.448" endtime="20230310 15:19:33.448"/>
</kw>
<doc>Verify that the Add height and width keyword works correctly.</doc>
<tag>smoke</tag>
<status status="FAIL" starttime="20230310 15:19:33.440" endtime="20230310 15:19:33.452">No keyword with name 'height and width keyword' found.</status>
</test>
<doc>Example test case for Add with height and width keyword.</doc>
<status status="FAIL" starttime="20230310 15:19:33.433" endtime="20230310 15:19:33.453"/>
</suite>
<suite id="s1-s3" name="Test Robot Example 1" source="/home/harrington/designProject2020/robot-framework/test_robot_exam_1/test_robot_example_1.robot">
<test id="s1-s3-t1" name="Test Add with height and width keyword" line="12">
<kw name="Add with height and width">
<arg>3</arg>
<arg>4</arg>
<arg>5</arg>
<arg>10</arg>
<kw name="Evaluate" library="BuiltIn">
<var>${sum}</var>
<arg>${num1} + ${num2}</arg>
<doc>Evaluates the given expression in Python and returns the result.</doc>
<msg timestamp="20230310 15:19:33.467" level="INFO">${sum} = 7</msg>
<status status="PASS" starttime="20230310 15:19:33.466" endtime="20230310 15:19:33.467"/>
</kw>
<kw name="Log" library="BuiltIn">
<arg>The sum of ${num1} and ${num2} is ${sum}, with height=${height} and width=${width}.</arg>
<doc>Logs the given message with the given level.</doc>
<msg timestamp="20230310 15:19:33.469" level="INFO">The sum of 3 and 4 is 7, with height=5 and width=10.</msg>
<status status="PASS" starttime="20230310 15:19:33.467" endtime="20230310 15:19:33.469"/>
</kw>
<status status="PASS" starttime="20230310 15:19:33.465" endtime="20230310 15:19:33.469"/>
</kw>
<kw name="Add with height and width">
<arg>2</arg>
<arg>2</arg>
<arg>15</arg>
<arg>20</arg>
<kw name="Evaluate" library="BuiltIn">
<var>${sum}</var>
<arg>${num1} + ${num2}</arg>
<doc>Evaluates the given expression in Python and returns the result.</doc>
<msg timestamp="20230310 15:19:33.472" level="INFO">${sum} = 4</msg>
<status status="PASS" starttime="20230310 15:19:33.471" endtime="20230310 15:19:33.472"/>
</kw>
<kw name="Log" library="BuiltIn">
<arg>The sum of ${num1} and ${num2} is ${sum}, with height=${height} and width=${width}.</arg>
<doc>Logs the given message with the given level.</doc>
<msg timestamp="20230310 15:19:33.474" level="INFO">The sum of 2 and 2 is 4, with height=15 and width=20.</msg>
<status status="PASS" starttime="20230310 15:19:33.473" endtime="20230310 15:19:33.475"/>
</kw>
<status status="PASS" starttime="20230310 15:19:33.470" endtime="20230310 15:19:33.475"/>
</kw>
<kw name="Add with height and width">
<arg>0</arg>
<arg>0</arg>
<arg>0</arg>
<arg>0</arg>
<kw name="Evaluate" library="BuiltIn">
<var>${sum}</var>
<arg>${num1} + ${num2}</arg>
<doc>Evaluates the given expression in Python and returns the result.</doc>
<msg timestamp="20230310 15:19:33.478" level="INFO">${sum} = 0</msg>
<status status="PASS" starttime="20230310 15:19:33.477" endtime="20230310 15:19:33.478"/>
</kw>
<kw name="Log" library="BuiltIn">
<arg>The sum of ${num1} and ${num2} is ${sum}, with height=${height} and width=${width}.</arg>
<doc>Logs the given message with the given level.</doc>
<msg timestamp="20230310 15:19:33.480" level="INFO">The sum of 0 and 0 is 0, with height=0 and width=0.</msg>
<status status="PASS" starttime="20230310 15:19:33.478" endtime="20230310 15:19:33.480"/>
</kw>
<status status="PASS" starttime="20230310 15:19:33.475" endtime="20230310 15:19:33.480"/>
</kw>
<doc>Verify that the Add with height and width keyword works correctly.</doc>
<tag>smoke</tag>
<status status="PASS" starttime="20230310 15:19:33.463" endtime="20230310 15:19:33.481"/>
</test>
<doc>Example test case for Add with height and width keyword.</doc>
<status status="PASS" starttime="20230310 15:19:33.456" endtime="20230310 15:19:33.482"/>
</suite>
<suite id="s1-s4" name="Test Robot Suite Example" source="/home/harrington/designProject2020/robot-framework/test_robot_exam_1/test_robot_suite_example.robot">
<test id="s1-s4-t1" name="Calculate cutoff frequency" line="8">
<kw name="Given Resistor Value Is">
<arg>1</arg>
<kw name="Set Test Variable" library="BuiltIn">
<arg>${R}</arg>
<arg>${resistor_value}</arg>
<doc>Makes a variable available everywhere within the scope of the current test.</doc>
<msg timestamp="20230310 15:19:33.547" level="INFO">${R} = 1</msg>
<status status="PASS" starttime="20230310 15:19:33.545" endtime="20230310 15:19:33.548"/>
</kw>
<status status="PASS" starttime="20230310 15:19:33.543" endtime="20230310 15:19:33.548"/>
</kw>
<kw name="And Capacitor Value Is">
<arg>0.005</arg>
<kw name="Set Test Variable" library="BuiltIn">
<arg>${C}</arg>
<arg>${capacitor_value}</arg>
<doc>Makes a variable available everywhere within the scope of the current test.</doc>
<msg timestamp="20230310 15:19:33.551" level="INFO">${C} = 0.005</msg>
<status status="PASS" starttime="20230310 15:19:33.549" endtime="20230310 15:19:33.551"/>
</kw>
<status status="PASS" starttime="20230310 15:19:33.548" endtime="20230310 15:19:33.552"/>
</kw>
<kw name="When calculating cutoff frequency">
<arg>25</arg>
<arg>100</arg>
<arg>3.14</arg>
<kw name="Evaluate" library="BuiltIn">
<var>${cutoff_frequency}</var>
<arg>1.0 / (${const}*${C}-${R}* 2.0 )</arg>
<doc>Evaluates the given expression in Python and returns the result.</doc>
<msg timestamp="20230310 15:19:33.555" level="INFO">${cutoff_frequency} = 0.003787878787878788</msg>
<status status="PASS" starttime="20230310 15:19:33.554" endtime="20230310 15:19:33.555"/>
</kw>
<kw name="Log" library="BuiltIn">
<arg>${cutoff_frequency}</arg>
<doc>Logs the given message with the given level.</doc>
<msg timestamp="20230310 15:19:33.557" level="INFO">0.003787878787878788</msg>
<status status="PASS" starttime="20230310 15:19:33.556" endtime="20230310 15:19:33.557"/>
</kw>
<status status="PASS" starttime="20230310 15:19:33.552" endtime="20230310 15:19:33.557"/>
</kw>
<kw name="Cutoff Frequency">
<arg>500</arg>
<kw name="Should Be True" library="BuiltIn">
<arg>${expected_cutoff_frequency}-1-${C} &lt; ${expected_cutoff_frequency}+1</arg>
<doc>Fails if the given condition is not true.</doc>
<status status="PASS" starttime="20230310 15:19:33.560" endtime="20230310 15:19:33.561"/>
</kw>
<kw name="Should Be True" library="BuiltIn">
<var>${cutoff_frequency}</var>
<arg>${expected_cutoff_frequency}</arg>
<doc>Fails if the given condition is not true.</doc>
<msg timestamp="20230310 15:19:33.562" level="INFO">${cutoff_frequency} = None</msg>
<status status="PASS" starttime="20230310 15:19:33.561" endtime="20230310 15:19:33.562"/>
</kw>
<status status="PASS" starttime="20230310 15:19:33.558" endtime="20230310 15:19:33.563"/>
</kw>
<doc>Verify that the cutoff frequency of the low pass filter is calculated correctly.</doc>
<tag>low_pass_filter</tag>
<status status="PASS" starttime="20230310 15:19:33.542" endtime="20230310 15:19:33.563"/>
</test>
<status status="PASS" starttime="20230310 15:19:33.484" endtime="20230310 15:19:33.564"/>
</suite>
<status status="FAIL" starttime="20230310 15:19:33.310" endtime="20230310 15:19:33.567"/>
</suite>
<statistics>
<total>
<stat pass="5" fail="2" skip="0">All Tests</stat>
</total>
<tag>
<stat pass="1" fail="0" skip="0">low_pass_filter</stat>
<stat pass="2" fail="1" skip="0">smoke</stat>
</tag>
<suite>
<stat pass="5" fail="2" skip="0" id="s1" name="Test Rbot Lowpass Filter 1 &amp; Test Rebot Example 2 &amp; Test Robot Example 1 &amp; Test Robot Suite Example">Test Rbot Lowpass Filter 1 &amp; Test Rebot Example 2 &amp; Test Robot Example 1 &amp; Test Robot Suite Example</stat>
<stat pass="3" fail="1" skip="0" id="s1-s1" name="Test Rbot Lowpass Filter 1">Test Rbot Lowpass Filter 1 &amp; Test Rebot Example 2 &amp; Test Robot Example 1 &amp; Test Robot Suite Example.Test Rbot Lowpass Filter 1</stat>
<stat pass="0" fail="1" skip="0" id="s1-s2" name="Test Rebot Example 2">Test Rbot Lowpass Filter 1 &amp; Test Rebot Example 2 &amp; Test Robot Example 1 &amp; Test Robot Suite Example.Test Rebot Example 2</stat>
<stat pass="1" fail="0" skip="0" id="s1-s3" name="Test Robot Example 1">Test Rbot Lowpass Filter 1 &amp; Test Rebot Example 2 &amp; Test Robot Example 1 &amp; Test Robot Suite Example.Test Robot Example 1</stat>
<stat pass="1" fail="0" skip="0" id="s1-s4" name="Test Robot Suite Example">Test Rbot Lowpass Filter 1 &amp; Test Rebot Example 2 &amp; Test Robot Example 1 &amp; Test Robot Suite Example.Test Robot Suite Example</stat>
</suite>
</statistics>
<errors>
</errors>
</robot>
