<?xml version="1.0" encoding="UTF-8"?>
<robot generator="Robot 6.0.2 (Python 3.10.6 on linux)" generated="20230307 15:37:07.904" rpa="false" schemaversion="3">
<suite id="s1" name="Test Robot Suite Example" source="/home/harrington/designProject2020/robot-framework/test_robot_exam_1/test_robot_suite_example.robot">
<test id="s1-t1" name="Calculate cutoff frequency" line="6">
<kw name="Given Resistor Value Is">
<arg>100</arg>
<kw name="Set Test Variable" library="BuiltIn">
<arg>${R}</arg>
<arg>${resistor_value}</arg>
<doc>Makes a variable available everywhere within the scope of the current test.</doc>
<msg timestamp="20230307 15:37:08.326" level="INFO">${R} = 100</msg>
<status status="PASS" starttime="20230307 15:37:08.300" endtime="20230307 15:37:08.327"/>
</kw>
<status status="PASS" starttime="20230307 15:37:08.291" endtime="20230307 15:37:08.339"/>
</kw>
<kw name="And Capacitor Value Is">
<arg>1uF</arg>
<kw name="Set Test Variable" library="BuiltIn">
<arg>${C}</arg>
<arg>${capacitor_value}</arg>
<doc>Makes a variable available everywhere within the scope of the current test.</doc>
<msg timestamp="20230307 15:37:08.366" level="INFO">${C} = 1uF</msg>
<status status="PASS" starttime="20230307 15:37:08.345" endtime="20230307 15:37:08.367"/>
</kw>
<status status="PASS" starttime="20230307 15:37:08.343" endtime="20230307 15:37:08.379"/>
</kw>
<kw name="When calculating cutoff frequency">
<kw name="${cutoff_frequency}= Divide">
<arg>1</arg>
<arg>Multiply</arg>
<arg>2</arg>
<arg>Multiply</arg>
<arg>pi</arg>
<arg>${R}</arg>
<arg>${C}</arg>
<msg timestamp="20230307 15:37:08.431" level="FAIL">No keyword with name '${cutoff_frequency}= Divide' found.</msg>
<status status="FAIL" starttime="20230307 15:37:08.423" endtime="20230307 15:37:08.431"/>
</kw>
<kw name="Set Test Variable" library="BuiltIn">
<arg>${Fc}</arg>
<arg>${cutoff_frequency}</arg>
<doc>Makes a variable available everywhere within the scope of the current test.</doc>
<status status="NOT RUN" starttime="20230307 15:37:08.432" endtime="20230307 15:37:08.432"/>
</kw>
<status status="FAIL" starttime="20230307 15:37:08.384" endtime="20230307 15:37:08.433"/>
</kw>
<kw name="Then cutoff frequency should be approximately 1591.55 Hz">
<status status="NOT RUN" starttime="20230307 15:37:08.454" endtime="20230307 15:37:08.455"/>
</kw>
<doc>Verify that the cutoff frequency of the low pass filter is calculated correctly.</doc>
<tag>low_pass_filter</tag>
<status status="FAIL" starttime="20230307 15:37:08.274" endtime="20230307 15:37:08.473">No keyword with name '${cutoff_frequency}= Divide' found.</status>
</test>
<status status="FAIL" starttime="20230307 15:37:07.914" endtime="20230307 15:37:08.480"/>
</suite>
<statistics>
<total>
<stat pass="0" fail="1" skip="0">All Tests</stat>
</total>
<tag>
<stat pass="0" fail="1" skip="0">low_pass_filter</stat>
</tag>
<suite>
<stat pass="0" fail="1" skip="0" id="s1" name="Test Robot Suite Example">Test Robot Suite Example</stat>
</suite>
</statistics>
<errors>
<msg timestamp="20230307 15:37:07.917" level="ERROR">Error in file '/home/harrington/designProject2020/robot-framework/test_robot_exam_1/test_robot_suite_example.robot' on line 28: Creating keyword 'Then cutoff frequency should be approximately ${expected_cutoff_frequency}' failed: Keyword cannot have both normal and embedded arguments.</msg>
<msg timestamp="20230307 15:37:08.266" level="ERROR">Error in file '/home/harrington/designProject2020/robot-framework/test_robot_exam_1/test_robot_suite_example.robot' on line 2: Importing library 'Math' failed: ModuleNotFoundError: No module named 'Math'
Traceback (most recent call last):
  None
PYTHONPATH:
  /home/harrington/.local/bin
  /usr/lib/python310.zip
  /usr/lib/python3.10
  /usr/lib/python3.10/lib-dynload
  /home/harrington/.local/lib/python3.10/site-packages
  /usr/local/lib/python3.10/dist-packages
  /usr/lib/python3/dist-packages</msg>
</errors>
</robot>
